2026-04-08 14:41:23,051 INFO     __main__  {"path": "C:\\Users\\lahir\\Downloads\\pc-price-tracker\\logs\\pipeline_2026-04-08_12-41-23.log", "event": "run_log_opened", "level": "info", "timestamp": "2026-04-08T12:41:23.051871Z"}
2026-04-08 14:41:23,572 INFO     __main__  {"scrapers": ["bs4"], "categories": ["laptops"], "dry_run": false, "upload": false, "product_override": null, "run_date": "2026-04-08", "event": "pipeline_started", "level": "info", "timestamp": "2026-04-08T12:41:23.572377Z"}
2026-04-08 14:41:23,663 INFO     __main__  {"scraper": "bs4", "source": "amazon_de", "category": "laptops", "product": "Apple MacBook Air M3 13\"", "event": "scraping_product", "level": "info", "timestamp": "2026-04-08T12:41:23.663887Z"}
2026-04-08 14:41:25,406 INFO     scrapers.beautifulsoup_scraper  {"count": 21, "query": "MacBook Air M3 13 Zoll", "event": "amazon_containers_found", "level": "info", "timestamp": "2026-04-08T12:41:25.406882Z"}
2026-04-08 14:41:28,436 INFO     __main__  {"scraper": "bs4", "source": "amazon_de", "category": "laptops", "product": "Apple MacBook Air M3 13\"", "hits": 21, "event": "product_scraped", "level": "info", "timestamp": "2026-04-08T12:41:28.436719Z"}
2026-04-08 14:41:28,437 INFO     __main__  {"scraper": "bs4", "source": "amazon_de", "category": "laptops", "product": "Lenovo ThinkPad X1 Carbon Gen 12", "event": "scraping_product", "level": "info", "timestamp": "2026-04-08T12:41:28.437166Z"}
2026-04-08 14:41:29,308 INFO     scrapers.beautifulsoup_scraper  {"count": 22, "query": "ThinkPad X1 Carbon Gen 12", "event": "amazon_containers_found", "level": "info", "timestamp": "2026-04-08T12:41:29.308945Z"}
2026-04-08 14:41:32,336 INFO     __main__  {"scraper": "bs4", "source": "amazon_de", "category": "laptops", "product": "Lenovo ThinkPad X1 Carbon Gen 12", "hits": 22, "event": "product_scraped", "level": "info", "timestamp": "2026-04-08T12:41:32.336707Z"}
2026-04-08 14:41:32,337 INFO     __main__  {"scraper": "bs4", "source": "amazon_de", "category": "laptops", "product": "Dell XPS 15 9530", "event": "scraping_product", "level": "info", "timestamp": "2026-04-08T12:41:32.337082Z"}
2026-04-08 14:41:33,296 INFO     scrapers.beautifulsoup_scraper  {"count": 22, "query": "Dell XPS 15 9530", "event": "amazon_containers_found", "level": "info", "timestamp": "2026-04-08T12:41:33.295975Z"}
2026-04-08 14:41:36,321 INFO     __main__  {"scraper": "bs4", "source": "amazon_de", "category": "laptops", "product": "Dell XPS 15 9530", "hits": 22, "event": "product_scraped", "level": "info", "timestamp": "2026-04-08T12:41:36.321073Z"}
2026-04-08 14:41:36,321 INFO     __main__  {"scraper": "bs4", "source": "amazon_de", "category": "laptops", "product": "ASUS ROG Zephyrus G14 2024", "event": "scraping_product", "level": "info", "timestamp": "2026-04-08T12:41:36.321528Z"}
2026-04-08 14:41:37,819 INFO     scrapers.beautifulsoup_scraper  {"count": 21, "query": "ASUS ROG Zephyrus G14 2024", "event": "amazon_containers_found", "level": "info", "timestamp": "2026-04-08T12:41:37.819290Z"}
2026-04-08 14:41:40,843 INFO     __main__  {"scraper": "bs4", "source": "amazon_de", "category": "laptops", "product": "ASUS ROG Zephyrus G14 2024", "hits": 21, "event": "product_scraped", "level": "info", "timestamp": "2026-04-08T12:41:40.843846Z"}
2026-04-08 14:41:40,878 INFO     storage.local_storage  {"source": "amazon_de", "category": "laptops", "path": "output\\raw\\amazon_de\\laptops\\2026\\04\\08\\products.json", "total_records": 128, "new_records": 86, "event": "local_storage_saved", "level": "info", "timestamp": "2026-04-08T12:41:40.878211Z"}
2026-04-08 14:41:40,878 INFO     __main__  {"scraper": "bs4", "source": "amazon_de", "category": "laptops", "path": "output\\raw\\amazon_de\\laptops\\2026\\04\\08\\products.json", "records": 86, "event": "local_saved", "level": "info", "timestamp": "2026-04-08T12:41:40.878450Z"}
2026-04-08 14:41:40,912 INFO     __main__  {"scraper": "bs4", "source": "ebay_de", "category": "laptops", "product": "Apple MacBook Air M3 13\"", "event": "scraping_product", "level": "info", "timestamp": "2026-04-08T12:41:40.912275Z"}
2026-04-08 14:41:42,324 INFO     scrapers.beautifulsoup_scraper  {"count": 60, "query": "MacBook Air M3 13 Zoll", "event": "ebay_containers_found", "level": "info", "timestamp": "2026-04-08T12:41:42.324460Z"}
2026-04-08 14:41:44,354 INFO     __main__  {"scraper": "bs4", "source": "ebay_de", "category": "laptops", "product": "Apple MacBook Air M3 13\"", "hits": 60, "event": "product_scraped", "level": "info", "timestamp": "2026-04-08T12:41:44.354325Z"}
2026-04-08 14:41:44,354 INFO     __main__  {"scraper": "bs4", "source": "ebay_de", "category": "laptops", "product": "Lenovo ThinkPad X1 Carbon Gen 12", "event": "scraping_product", "level": "info", "timestamp": "2026-04-08T12:41:44.354877Z"}
2026-04-08 14:41:45,282 INFO     scrapers.beautifulsoup_scraper  {"count": 25, "query": "ThinkPad X1 Carbon Gen 12", "event": "ebay_containers_found", "level": "info", "timestamp": "2026-04-08T12:41:45.282423Z"}
2026-04-08 14:41:47,294 INFO     __main__  {"scraper": "bs4", "source": "ebay_de", "category": "laptops", "product": "Lenovo ThinkPad X1 Carbon Gen 12", "hits": 25, "event": "product_scraped", "level": "info", "timestamp": "2026-04-08T12:41:47.294601Z"}
2026-04-08 14:41:47,295 INFO     __main__  {"scraper": "bs4", "source": "ebay_de", "category": "laptops", "product": "Dell XPS 15 9530", "event": "scraping_product", "level": "info", "timestamp": "2026-04-08T12:41:47.294990Z"}
2026-04-08 14:41:48,235 INFO     scrapers.beautifulsoup_scraper  {"count": 60, "query": "Dell XPS 15 9530", "event": "ebay_containers_found", "level": "info", "timestamp": "2026-04-08T12:41:48.235797Z"}
2026-04-08 14:41:50,265 INFO     __main__  {"scraper": "bs4", "source": "ebay_de", "category": "laptops", "product": "Dell XPS 15 9530", "hits": 60, "event": "product_scraped", "level": "info", "timestamp": "2026-04-08T12:41:50.265811Z"}
2026-04-08 14:41:50,266 INFO     __main__  {"scraper": "bs4", "source": "ebay_de", "category": "laptops", "product": "ASUS ROG Zephyrus G14 2024", "event": "scraping_product", "level": "info", "timestamp": "2026-04-08T12:41:50.266104Z"}
2026-04-08 14:41:51,331 INFO     scrapers.beautifulsoup_scraper  {"count": 26, "query": "ASUS ROG Zephyrus G14 2024", "event": "ebay_containers_found", "level": "info", "timestamp": "2026-04-08T12:41:51.331611Z"}
2026-04-08 14:41:53,343 INFO     __main__  {"scraper": "bs4", "source": "ebay_de", "category": "laptops", "product": "ASUS ROG Zephyrus G14 2024", "hits": 26, "event": "product_scraped", "level": "info", "timestamp": "2026-04-08T12:41:53.343840Z"}
2026-04-08 14:41:53,372 INFO     storage.local_storage  {"source": "ebay_de", "category": "laptops", "path": "output\\raw\\ebay_de\\laptops\\2026\\04\\08\\products.json", "total_records": 1092, "new_records": 171, "event": "local_storage_saved", "level": "info", "timestamp": "2026-04-08T12:41:53.372519Z"}
2026-04-08 14:41:53,373 INFO     __main__  {"scraper": "bs4", "source": "ebay_de", "category": "laptops", "path": "output\\raw\\ebay_de\\laptops\\2026\\04\\08\\products.json", "records": 171, "event": "local_saved", "level": "info", "timestamp": "2026-04-08T12:41:53.373028Z"}
2026-04-08 14:41:53,410 INFO     __main__  {"scraper": "bs4", "source": "idealo_de", "category": "laptops", "product": "Apple MacBook Air M3 13\"", "event": "scraping_product", "level": "info", "timestamp": "2026-04-08T12:41:53.410300Z"}
2026-04-08 14:42:00,995 WARNING  scrapers.beautifulsoup_scraper  {"product": "Apple MacBook Air M3 13\"", "note": "Idealo WAF blocks plain requests. Use Playwright scraper instead.", "event": "idealo_waf_block", "level": "warning", "timestamp": "2026-04-08T12:42:00.995865Z"}
2026-04-08 14:42:02,996 INFO     __main__  {"scraper": "bs4", "source": "idealo_de", "category": "laptops", "product": "Apple MacBook Air M3 13\"", "hits": 0, "event": "product_scraped", "level": "info", "timestamp": "2026-04-08T12:42:02.996280Z"}
2026-04-08 14:42:02,996 INFO     __main__  {"scraper": "bs4", "source": "idealo_de", "category": "laptops", "product": "Lenovo ThinkPad X1 Carbon Gen 12", "event": "scraping_product", "level": "info", "timestamp": "2026-04-08T12:42:02.996619Z"}
2026-04-08 14:42:10,181 WARNING  scrapers.beautifulsoup_scraper  {"product": "Lenovo ThinkPad X1 Carbon Gen 12", "note": "Idealo WAF blocks plain requests. Use Playwright scraper instead.", "event": "idealo_waf_block", "level": "warning", "timestamp": "2026-04-08T12:42:10.181500Z"}
2026-04-08 14:42:12,182 INFO     __main__  {"scraper": "bs4", "source": "idealo_de", "category": "laptops", "product": "Lenovo ThinkPad X1 Carbon Gen 12", "hits": 0, "event": "product_scraped", "level": "info", "timestamp": "2026-04-08T12:42:12.182437Z"}
2026-04-08 14:42:12,183 INFO     __main__  {"scraper": "bs4", "source": "idealo_de", "category": "laptops", "product": "Dell XPS 15 9530", "event": "scraping_product", "level": "info", "timestamp": "2026-04-08T12:42:12.183215Z"}
2026-04-08 14:42:19,359 WARNING  scrapers.beautifulsoup_scraper  {"product": "Dell XPS 15 9530", "note": "Idealo WAF blocks plain requests. Use Playwright scraper instead.", "event": "idealo_waf_block", "level": "warning", "timestamp": "2026-04-08T12:42:19.359644Z"}
2026-04-08 14:42:21,360 INFO     __main__  {"scraper": "bs4", "source": "idealo_de", "category": "laptops", "product": "Dell XPS 15 9530", "hits": 0, "event": "product_scraped", "level": "info", "timestamp": "2026-04-08T12:42:21.360549Z"}
2026-04-08 14:42:21,361 INFO     __main__  {"scraper": "bs4", "source": "idealo_de", "category": "laptops", "product": "ASUS ROG Zephyrus G14 2024", "event": "scraping_product", "level": "info", "timestamp": "2026-04-08T12:42:21.361010Z"}
2026-04-08 14:42:28,584 WARNING  scrapers.beautifulsoup_scraper  {"product": "ASUS ROG Zephyrus G14 2024", "note": "Idealo WAF blocks plain requests. Use Playwright scraper instead.", "event": "idealo_waf_block", "level": "warning", "timestamp": "2026-04-08T12:42:28.584918Z"}
2026-04-08 14:42:30,585 INFO     __main__  {"scraper": "bs4", "source": "idealo_de", "category": "laptops", "product": "ASUS ROG Zephyrus G14 2024", "hits": 0, "event": "product_scraped", "level": "info", "timestamp": "2026-04-08T12:42:30.585547Z"}
2026-04-08 14:42:30,586 INFO     __main__  {"scraper": "bs4", "source": "idealo_de", "category": "laptops", "event": "category_no_records", "level": "info", "timestamp": "2026-04-08T12:42:30.585986Z"}
2026-04-08 14:42:30,586 INFO     __main__  {"total_records": 257, "sources_hit": ["amazon_de", "ebay_de"], "files_written": 2, "blobs_uploaded": 0, "errors": 0, "elapsed_s": 67.5, "event": "pipeline_finished", "level": "info", "timestamp": "2026-04-08T12:42:30.586206Z"}
